c:\users\lenovo\desktop\proyecto2final\proyecto2final\debug\vc142.pdb
c:\users\lenovo\desktop\proyecto2final\proyecto2final\debug\vc142.idb
c:\users\lenovo\desktop\proyecto2final\proyecto2final\debug\procesacompuesto.obj
c:\users\lenovo\desktop\proyecto2final\proyecto2final\debug\principal.obj
c:\users\lenovo\desktop\proyecto2final\proyecto2final\debug\maquina.obj
c:\users\lenovo\desktop\proyecto2final\proyecto2final\debug\jugador.obj
c:\users\lenovo\desktop\proyecto2final\proyecto2final\debug\jugada.obj
c:\users\lenovo\desktop\proyecto2final\proyecto2final\debug\juegoperiferico.obj
c:\users\lenovo\desktop\proyecto2final\proyecto2final\debug\juegoislas.obj
c:\users\lenovo\desktop\proyecto2final\proyecto2final\debug\juegocercano.obj
c:\users\lenovo\desktop\proyecto2final\proyecto2final\debug\juegocentral.obj
c:\users\lenovo\desktop\proyecto2final\proyecto2final\debug\juegoaleatorio.obj
c:\users\lenovo\desktop\proyecto2final\proyecto2final\debug\juego.obj
c:\users\lenovo\desktop\proyecto2final\proyecto2final\debug\interfaz.obj
c:\users\lenovo\desktop\proyecto2final\proyecto2final\debug\empresadots.obj
c:\users\lenovo\desktop\proyecto2final\proyecto2final\debug\control.obj
c:\users\lenovo\desktop\proyecto2final\proyecto2final\debug\contenedorv.obj
c:\users\lenovo\desktop\proyecto2final\proyecto2final\debug\contenedorm.obj
c:\users\lenovo\desktop\proyecto2final\proyecto2final\debug\camposeispuntos.obj
c:\users\lenovo\desktop\proyecto2final\proyecto2final\debug\camporesultante.obj
c:\users\lenovo\desktop\proyecto2final\proyecto2final\debug\campoquincepuntos.obj
c:\users\lenovo\desktop\proyecto2final\proyecto2final\debug\camponuevepuntos.obj
c:\users\lenovo\desktop\proyecto2final\debug\proyecto2final.exe
c:\users\lenovo\desktop\proyecto2final\debug\proyecto2final.ilk
c:\users\lenovo\desktop\proyecto2final\debug\proyecto2final.pdb
c:\users\lenovo\desktop\proyecto2final\proyecto2final\debug\proyecto2final.tlog\cl.command.1.tlog
c:\users\lenovo\desktop\proyecto2final\proyecto2final\debug\proyecto2final.tlog\cl.read.1.tlog
c:\users\lenovo\desktop\proyecto2final\proyecto2final\debug\proyecto2final.tlog\cl.write.1.tlog
c:\users\lenovo\desktop\proyecto2final\proyecto2final\debug\proyecto2final.tlog\link.command.1.tlog
c:\users\lenovo\desktop\proyecto2final\proyecto2final\debug\proyecto2final.tlog\link.read.1.tlog
c:\users\lenovo\desktop\proyecto2final\proyecto2final\debug\proyecto2final.tlog\link.write.1.tlog
